# JRE version: Java(TM) SE Runtime Environment (17.0.2+8) (build 17.0.2+8-LTS-86)
# Java VM: Java HotSpot(TM) 64-Bit Server VM (17.0.2+8-LTS-86, mixed mode, sharing, tiered, compressed oops, compressed class ptrs, g1 gc, windows-amd64)
GC Precious Log:
 CPUs: 12 total, 12 available
 Memory: 8061M
 Large Page Support: Disabled
 NUMA Support: Disabled
 Compressed Oops: Enabled (32-bit)
 Heap Region Size: 1M
 Heap Min Capacity: 8M
 Heap Initial Capacity: 126M
 Heap Max Capacity: 2016M
 Pre-touch: Disabled
 Parallel Workers: 10
 Concurrent Workers: 3
 Concurrent Refinement Workers: 10
 Periodic GC: Disabled
Heap:
 garbage-first heap   total 65536K, used 41456K [0x0000000082000000, 0x0000000100000000)
  region size 1024K, 22 young (22528K), 4 survivors (4096K)
 Metaspace       used 58485K, committed 58880K, reserved 1105920K
  class space    used 7753K, committed 7936K, reserved 1048576K
GC Heap History (20 events):
Event: 1.152 GC heap before
{Heap before GC invocations=1 (full 0):
 garbage-first heap   total 129024K, used 32848K [0x0000000082000000, 0x0000000100000000)
  region size 1024K, 28 young (28672K), 3 survivors (3072K)
 Metaspace       used 13395K, committed 13632K, reserved 1064960K
  class space    used 1637K, committed 1728K, reserved 1048576K
}
Event: 1.158 GC heap after
{Heap after GC invocations=2 (full 0):
 garbage-first heap   total 129024K, used 9203K [0x0000000082000000, 0x0000000100000000)
  region size 1024K, 2 young (2048K), 2 survivors (2048K)
 Metaspace       used 13395K, committed 13632K, reserved 1064960K
  class space    used 1637K, committed 1728K, reserved 1048576K
}
Event: 2.216 GC heap before
{Heap before GC invocations=2 (full 0):
 garbage-first heap   total 129024K, used 57331K [0x0000000082000000, 0x0000000100000000)
  region size 1024K, 50 young (51200K), 2 survivors (2048K)
 Metaspace       used 21282K, committed 21504K, reserved 1073152K
  class space    used 2668K, committed 2816K, reserved 1048576K
}
Event: 2.223 GC heap after
{Heap after GC invocations=3 (full 0):
 garbage-first heap   total 129024K, used 12519K [0x0000000082000000, 0x0000000100000000)
  region size 1024K, 5 young (5120K), 5 survivors (5120K)
 Metaspace       used 21282K, committed 21504K, reserved 1073152K
  class space    used 2668K, committed 2816K, reserved 1048576K
}
Event: 2.785 GC heap before
{Heap before GC invocations=4 (full 0):
 garbage-first heap   total 48128K, used 36071K [0x0000000082000000, 0x0000000100000000)
  region size 1024K, 28 young (28672K), 5 survivors (5120K)
 Metaspace       used 26529K, committed 26816K, reserved 1073152K
  class space    used 3339K, committed 3456K, reserved 1048576K
}
Event: 2.797 GC heap after
{Heap after GC invocations=5 (full 0):
 garbage-first heap   total 48128K, used 15212K [0x0000000082000000, 0x0000000100000000)
  region size 1024K, 3 young (3072K), 3 survivors (3072K)
 Metaspace       used 26529K, committed 26816K, reserved 1073152K
  class space    used 3339K, committed 3456K, reserved 1048576K
}
Event: 2.828 GC heap before
{Heap before GC invocations=5 (full 0):
 garbage-first heap   total 48128K, used 16236K [0x0000000082000000, 0x0000000100000000)
  region size 1024K, 4 young (4096K), 3 survivors (3072K)
 Metaspace       used 26821K, committed 27136K, reserved 1073152K
  class space    used 3380K, committed 3520K, reserved 1048576K
}
Event: 2.831 GC heap after
{Heap after GC invocations=6 (full 0):
 garbage-first heap   total 48128K, used 15672K [0x0000000082000000, 0x0000000100000000)
  region size 1024K, 1 young (1024K), 1 survivors (1024K)
 Metaspace       used 26821K, committed 27136K, reserved 1073152K
  class space    used 3380K, committed 3520K, reserved 1048576K
}
Event: 3.277 GC heap before
{Heap before GC invocations=6 (full 0):
 garbage-first heap   total 48128K, used 34104K [0x0000000082000000, 0x0000000100000000)
  region size 1024K, 19 young (19456K), 1 survivors (1024K)
 Metaspace       used 30803K, committed 31104K, reserved 1081344K
  class space    used 3977K, committed 4096K, reserved 1048576K
}
Event: 3.279 GC heap after
{Heap after GC invocations=7 (full 0):
 garbage-first heap   total 67584K, used 16172K [0x0000000082000000, 0x0000000100000000)
  region size 1024K, 2 young (2048K), 2 survivors (2048K)
 Metaspace       used 30803K, committed 31104K, reserved 1081344K
  class space    used 3977K, committed 4096K, reserved 1048576K
}
Event: 4.281 GC heap before
{Heap before GC invocations=7 (full 0):
 garbage-first heap   total 67584K, used 30508K [0x0000000082000000, 0x0000000100000000)
  region size 1024K, 17 young (17408K), 2 survivors (2048K)
 Metaspace       used 35831K, committed 36096K, reserved 1081344K
  class space    used 4690K, committed 4800K, reserved 1048576K
}
Event: 4.284 GC heap after
{Heap after GC invocations=8 (full 0):
 garbage-first heap   total 67584K, used 17633K [0x0000000082000000, 0x0000000100000000)
  region size 1024K, 3 young (3072K), 3 survivors (3072K)
 Metaspace       used 35831K, committed 36096K, reserved 1081344K
  class space    used 4690K, committed 4800K, reserved 1048576K
}
Event: 7.255 GC heap before
{Heap before GC invocations=9 (full 0):
 garbage-first heap   total 65536K, used 48353K [0x0000000082000000, 0x0000000100000000)
  region size 1024K, 33 young (33792K), 3 survivors (3072K)
 Metaspace       used 46069K, committed 46336K, reserved 1089536K
  class space    used 6157K, committed 6272K, reserved 1048576K
}
Event: 7.259 GC heap after
{Heap after GC invocations=10 (full 0):
 garbage-first heap   total 65536K, used 19548K [0x0000000082000000, 0x0000000100000000)
  region size 1024K, 5 young (5120K), 5 survivors (5120K)
 Metaspace       used 46069K, committed 46336K, reserved 1089536K
  class space    used 6157K, committed 6272K, reserved 1048576K
}
Event: 7.285 GC heap before
{Heap before GC invocations=10 (full 0):
 garbage-first heap   total 65536K, used 20572K [0x0000000082000000, 0x0000000100000000)
  region size 1024K, 6 young (6144K), 5 survivors (5120K)
 Metaspace       used 46308K, committed 46656K, reserved 1089536K
  class space    used 6196K, committed 6336K, reserved 1048576K
}
Event: 7.289 GC heap after
{Heap after GC invocations=11 (full 0):
 garbage-first heap   total 65536K, used 19804K [0x0000000082000000, 0x0000000100000000)
  region size 1024K, 1 young (1024K), 1 survivors (1024K)
 Metaspace       used 46308K, committed 46656K, reserved 1089536K
  class space    used 6196K, committed 6336K, reserved 1048576K
}
Event: 10.735 GC heap before
{Heap before GC invocations=11 (full 0):
 garbage-first heap   total 65536K, used 48476K [0x0000000082000000, 0x0000000100000000)
  region size 1024K, 29 young (29696K), 1 survivors (1024K)
 Metaspace       used 50896K, committed 51200K, reserved 1097728K
  class space    used 6821K, committed 6976K, reserved 1048576K
}
Event: 10.738 GC heap after
{Heap after GC invocations=12 (full 0):
 garbage-first heap   total 65536K, used 21154K [0x0000000082000000, 0x0000000100000000)
  region size 1024K, 2 young (2048K), 2 survivors (2048K)
 Metaspace       used 50896K, committed 51200K, reserved 1097728K
  class space    used 6821K, committed 6976K, reserved 1048576K
}
Event: 11.244 GC heap before
{Heap before GC invocations=12 (full 0):
 garbage-first heap   total 65536K, used 49826K [0x0000000082000000, 0x0000000100000000)
  region size 1024K, 30 young (30720K), 2 survivors (2048K)
 Metaspace       used 54298K, committed 54592K, reserved 1097728K
  class space    used 7281K, committed 7424K, reserved 1048576K
}
Event: 11.249 GC heap after
{Heap after GC invocations=13 (full 0):
 garbage-first heap   total 65536K, used 24048K [0x0000000082000000, 0x0000000100000000)
  region size 1024K, 4 young (4096K), 4 survivors (4096K)
 Metaspace       used 54298K, committed 54592K, reserved 1097728K
  class space    used 7281K, committed 7424K, reserved 1048576K
}

